<?xml version="1.0" encoding="UTF-8"?>
<testng-results ignored="0" total="1" passed="1" failed="0" skipped="0">
  <reporter-output>
  </reporter-output>
  <suite started-at="2022-12-25T18:30:40 BDT" name="Default suite" finished-at="2022-12-25T18:31:03 BDT" duration-ms="22661">
    <groups>
    </groups>
    <test started-at="2022-12-25T18:30:40 BDT" name="Default test" finished-at="2022-12-25T18:31:03 BDT" duration-ms="22661">
      <class name="handleWebElement.WindowHandle">
        <test-method is-config="true" signature="setDriver()[pri:0, instance:handleWebElement.WindowHandle@72d1ad2e]" started-at="2022-12-25T18:30:37 BDT" name="setDriver" finished-at="2022-12-25T18:30:40 BDT" duration-ms="2586" status="PASS">
          <reporter-output>
          </reporter-output>
        </test-method> <!-- setDriver -->
        <test-method signature="handleWindow()[pri:0, instance:handleWebElement.WindowHandle@72d1ad2e]" started-at="2022-12-25T18:30:40 BDT" name="handleWindow" finished-at="2022-12-25T18:31:03 BDT" duration-ms="22622" status="PASS">
          <reporter-output>
          </reporter-output>
        </test-method> <!-- handleWindow -->
        <test-method is-config="true" signature="quitDriver()[pri:0, instance:handleWebElement.WindowHandle@72d1ad2e]" started-at="2022-12-25T18:31:03 BDT" name="quitDriver" finished-at="2022-12-25T18:31:03 BDT" duration-ms="400" status="PASS">
          <reporter-output>
          </reporter-output>
        </test-method> <!-- quitDriver -->
      </class> <!-- handleWebElement.WindowHandle -->
    </test> <!-- Default test -->
  </suite> <!-- Default suite -->
</testng-results>
